
21 "number of signals after reading design file"

"sig    sig    sig pair blk fan                       PT xor sync"
"num   name   type  sig num out             pin node cnt  PT type"
"---   ----   ---- ---- --- ---             --- ---- --- --- ----"

  14     RAMSEL  0        1   0              14   -1   2   0   21
  42        MWR  0        3   0              42   -1   1   0   21
  40        MRD  0        3   0              40   -1   1   0   21
  20     ROMSEL  0        1   0              20   -1   1   0   21
   7        IO1  0        0   0               7   -1   1   0   21
   5        RTC  0        0   0               5   -1   1   0   21
   2      DUART  0        0   0               2   -1   1   0   21
   1        IO2  0        0   0               1   -1   1   0   21
  32        A15  1   -1  -1   2  0  1        32   -1
  30         A8  1   -1  -1   2  0  1        30   -1
  28         A9  1   -1  -1   2  0  1        28   -1
  26        A10  1   -1  -1   2  0  1        26   -1
  17        A11  1   -1  -1   2  0  1        17   -1
  15        A12  1   -1  -1   2  0  1        15   -1
  13        A13  1   -1  -1   2  0  1        13   -1
   8        A14  1   -1  -1   2  0  1         8   -1
  39         A5  1   -1  -1   1  0           39   -1
  37         A6  1   -1  -1   1  0           37   -1
  35         A7  1   -1  -1   1  0           35   -1
  10        CLK  1   -1  -1   1           3  10   -1
   6         RW  1   -1  -1   1           3   6   -1
21 "number of signals after reading design file"

"sig    sig    sig pair blk fan                       PT xor sync"
"num   name   type  sig num out             pin node cnt  PT type"
"---   ----   ---- ---- --- ---             --- ---- --- --- ----"

  14     RAMSEL  0        1   0              14   -1   2   0   21
  42        MWR  0        3   0              42   -1   1   0   21
  40        MRD  0        3   0              40   -1   1   0   21
  20     ROMSEL  0        1   0              20   -1   1   0   21
   7        IO1  0        0   0               7   -1   1   0   21
   5        RTC  0        0   0               5   -1   1   0   21
   2      DUART  0        0   0               2   -1   1   0   21
   1        IO2  0        0   0               1   -1   1   0   21
  32        A15  1   -1  -1   2  0  1        32   -1
  30         A8  1   -1  -1   2  0  1        30   -1
  28         A9  1   -1  -1   2  0  1        28   -1
  26        A10  1   -1  -1   2  0  1        26   -1
  17        A11  1   -1  -1   2  0  1        17   -1
  15        A12  1   -1  -1   2  0  1        15   -1
  13        A13  1   -1  -1   2  0  1        13   -1
   8        A14  1   -1  -1   2  0  1         8   -1
  39         A5  1   -1  -1   1  0           39   -1
  37         A6  1   -1  -1   1  0           37   -1
  35         A7  1   -1  -1   1  0           35   -1
  10        CLK  1   -1  -1   1           3  10   -1
   6         RW  1   -1  -1   1           3   6   -1
21 "number of signals after reading design file"

"sig    sig    sig pair blk fan                       PT xor sync"
"num   name   type  sig num out             pin node cnt  PT type"
"---   ----   ---- ---- --- ---             --- ---- --- --- ----"

  14     RAMSEL  0        1   0              14   -1   2   0   21
  42        MWR  0        3   0              42   -1   1   0   21
  40        MRD  0        3   0              40   -1   1   0   21
  20     ROMSEL  0        1   0              20   -1   1   0   21
   7        IO1  0        0   0               7   -1   1   0   21
   5        RTC  0        0   0               5   -1   1   0   21
   2      DUART  0        0   0               2   -1   1   0   21
   1        IO2  0        0   0               1   -1   1   0   21
  32        A15  1   -1  -1   2  0  1        32   -1
  30         A8  1   -1  -1   2  0  1        30   -1
  28         A9  1   -1  -1   2  0  1        28   -1
  26        A10  1   -1  -1   2  0  1        26   -1
  17        A11  1   -1  -1   2  0  1        17   -1
  15        A12  1   -1  -1   2  0  1        15   -1
  13        A13  1   -1  -1   2  0  1        13   -1
   8        A14  1   -1  -1   2  0  1         8   -1
  39         A5  1   -1  -1   1  0           39   -1
  37         A6  1   -1  -1   1  0           37   -1
  35         A7  1   -1  -1   1  0           35   -1
  10        CLK  1   -1  -1   1           3  10   -1
   6         RW  1   -1  -1   1           3   6   -1
21 "number of signals after reading design file"

"sig    sig    sig pair blk fan                       PT xor sync"
"num   name   type  sig num out             pin node cnt  PT type"
"---   ----   ---- ---- --- ---             --- ---- --- --- ----"

  14     RAMSEL  0        1   0              14   -1   2   0   21
  42        MWR  0        3   0              42   -1   1   0   21
  40        MRD  0        3   0              40   -1   1   0   21
  20     ROMSEL  0        1   0              20   -1   1   0   21
   7        IO1  0        0   0               7   -1   1   0   21
   5        RTC  0        0   0               5   -1   1   0   21
   2      DUART  0        0   0               2   -1   1   0   21
   1        IO2  0        0   0               1   -1   1   0   21
  32        A15  1   -1  -1   2  0  1        32   -1
  30         A8  1   -1  -1   2  0  1        30   -1
  28         A9  1   -1  -1   2  0  1        28   -1
  26        A10  1   -1  -1   2  0  1        26   -1
  17        A11  1   -1  -1   2  0  1        17   -1
  15        A12  1   -1  -1   2  0  1        15   -1
  13        A13  1   -1  -1   2  0  1        13   -1
   8        A14  1   -1  -1   2  0  1         8   -1
  39         A5  1   -1  -1   1  0           39   -1
  37         A6  1   -1  -1   1  0           37   -1
  35         A7  1   -1  -1   1  0           35   -1
  10        CLK  1   -1  -1   1           3  10   -1
   6         RW  1   -1  -1   1           3   6   -1
21 "number of signals after reading design file"

"sig    sig    sig pair blk fan                       PT xor sync"
"num   name   type  sig num out             pin node cnt  PT type"
"---   ----   ---- ---- --- ---             --- ---- --- --- ----"

  14     RAMSEL  0        1   0              14   -1   2   0   21
  42        MWR  0        3   0              42   -1   1   0   21
  40        MRD  0        3   0              40   -1   1   0   21
  20     ROMSEL  0        1   0              20   -1   1   0   21
   7        IO1  0        0   0               7   -1   1   0   21
   5        RTC  0        0   0               5   -1   1   0   21
   2      DUART  0        0   0               2   -1   1   0   21
   1        IO2  0        0   0               1   -1   1   0   21
  32        A15  1   -1  -1   2  0  1        32   -1
  30         A8  1   -1  -1   2  0  1        30   -1
  28         A9  1   -1  -1   2  0  1        28   -1
  26        A10  1   -1  -1   2  0  1        26   -1
  17        A11  1   -1  -1   2  0  1        17   -1
  15        A12  1   -1  -1   2  0  1        15   -1
  13        A13  1   -1  -1   2  0  1        13   -1
   8        A14  1   -1  -1   2  0  1         8   -1
  39         A5  1   -1  -1   1  0           39   -1
  37         A6  1   -1  -1   1  0           37   -1
  35         A7  1   -1  -1   1  0           35   -1
  10        CLK  1   -1  -1   1           3  10   -1
   6         RW  1   -1  -1   1           3   6   -1